<?xml version="1.0" encoding="UTF-8"?>
<testsuite xmlns:xsi="http://www.w3.org/2001/XMLSchema-instance" xsi:noNamespaceSchemaLocation="https://maven.apache.org/surefire/maven-surefire-plugin/xsd/surefire-test-report-3.0.xsd" version="3.0" name="com.example.contenttrack.MainTests" time="0.041" tests="4" errors="0" skipped="0" failures="0">
  <properties>
[...]
</properties>
  <testcase name="getPopularityTest" classname="com.example.contenttrack.MainTests" time="0.023">
    <system-out><![CDATA[Created new content with popularity 1
]]></system-out>
  </testcase>
  <testcase name="mostPopularTest" classname="com.example.contenttrack.MainTests" time="0.0">
    <system-out><![CDATA[Created new content with popularity 1
Content popularity increased by 1
Created new content with popularity 1
]]></system-out>
  </testcase>
  <testcase name="decreasePopularityTest" classname="com.example.contenttrack.MainTests" time="0.001">
    <system-out><![CDATA[Created new content with popularity 1
Content popularity increased by 1
Content popularity decreased by 1
]]></system-out>
  </testcase>
  <testcase name="increasePopularityTest" classname="com.example.contenttrack.MainTests" time="0.001">
    <system-out><![CDATA[Created new content with popularity 1
Content popularity increased by 1
]]></system-out>
  </testcase>
</testsuite>